# JRE version: Java(TM) SE Runtime Environment (9.0+11) (build 9.0.1+11)
# Java VM: Java HotSpot(TM) 64-Bit Server VM (9.0.1+11, mixed mode, tiered, compressed oops, g1 gc, windows-amd64)
Heap:
 garbage-first heap   total 262144K, used 72654K [0x00000006c0a00000, 0x00000006c0b00800, 0x00000007c0000000)
  region size 1024K, 22 young (22528K), 13 survivors (13312K)
 Metaspace       used 37588K, capacity 38770K, committed 39040K, reserved 1083392K
  class space    used 4183K, capacity 4456K, committed 4480K, reserved 1048576K
GC Heap History (10 events):
Event: 2.267 GC heap before
{Heap before GC invocations=0 (full 0):
 garbage-first heap   total 262144K, used 24576K [0x00000006c0a00000, 0x00000006c0b00800, 0x00000007c0000000)
  region size 1024K, 24 young (24576K), 0 survivors (0K)
 Metaspace       used 10503K, capacity 11120K, committed 11392K, reserved 1058816K
  class space    used 942K, capacity 1061K, committed 1152K, reserved 1048576K
}
Event: 2.270 GC heap after
{Heap after GC invocations=1 (full 0):
 garbage-first heap   total 262144K, used 2763K [0x00000006c0a00000, 0x00000006c0b00800, 0x00000007c0000000)
  region size 1024K, 3 young (3072K), 3 survivors (3072K)
 Metaspace       used 10503K, capacity 11120K, committed 11392K, reserved 1058816K
  class space    used 942K, capacity 1061K, committed 1152K, reserved 1048576K
}
Event: 12.500 GC heap before
{Heap before GC invocations=1 (full 0):
 garbage-first heap   total 262144K, used 79563K [0x00000006c0a00000, 0x00000006c0b00800, 0x00000007c0000000)
  region size 1024K, 63 young (64512K), 3 survivors (3072K)
 Metaspace       used 20193K, capacity 21168K, committed 21296K, reserved 1069056K
  class space    used 2194K, capacity 2389K, committed 2432K, reserved 1048576K
}
Event: 12.508 GC heap after
{Heap after GC invocations=2 (full 0):
 garbage-first heap   total 262144K, used 22528K [0x00000006c0a00000, 0x00000006c0b00800, 0x00000007c0000000)
  region size 1024K, 6 young (6144K), 6 survivors (6144K)
 Metaspace       used 20193K, capacity 21168K, committed 21296K, reserved 1069056K
  class space    used 2194K, capacity 2389K, committed 2432K, reserved 1048576K
}
Event: 32.344 GC heap before
{Heap before GC invocations=3 (full 0):
 garbage-first heap   total 262144K, used 120832K [0x00000006c0a00000, 0x00000006c0b00800, 0x00000007c0000000)
  region size 1024K, 82 young (83968K), 6 survivors (6144K)
 Metaspace       used 32494K, capacity 33620K, committed 33792K, reserved 1079296K
  class space    used 3811K, capacity 4063K, committed 4096K, reserved 1048576K
}
Event: 32.353 GC heap after
{Heap after GC invocations=4 (full 0):
 garbage-first heap   total 262144K, used 26293K [0x00000006c0a00000, 0x00000006c0b00800, 0x00000007c0000000)
  region size 1024K, 11 young (11264K), 11 survivors (11264K)
 Metaspace       used 32494K, capacity 33620K, committed 33792K, reserved 1079296K
  class space    used 3811K, capacity 4063K, committed 4096K, reserved 1048576K
}
Event: 41.796 GC heap before
{Heap before GC invocations=4 (full 0):
 garbage-first heap   total 262144K, used 130741K [0x00000006c0a00000, 0x00000006c0b00800, 0x00000007c0000000)
  region size 1024K, 93 young (95232K), 11 survivors (11264K)
 Metaspace       used 34559K, capacity 35686K, committed 35920K, reserved 1081344K
  class space    used 4005K, capacity 4262K, committed 4352K, reserved 1048576K
}
Event: 41.807 GC heap after
{Heap after GC invocations=5 (full 0):
 garbage-first heap   total 262144K, used 50907K [0x00000006c0a00000, 0x00000006c0b00800, 0x00000007c0000000)
  region size 1024K, 14 young (14336K), 14 survivors (14336K)
 Metaspace       used 34559K, capacity 35686K, committed 35920K, reserved 1081344K
  class space    used 4005K, capacity 4262K, committed 4352K, reserved 1048576K
}
Event: 716.774 GC heap before
{Heap before GC invocations=6 (full 0):
 garbage-first heap   total 262144K, used 220891K [0x00000006c0a00000, 0x00000006c0b00800, 0x00000007c0000000)
  region size 1024K, 153 young (156672K), 14 survivors (14336K)
 Metaspace       used 37549K, capacity 38706K, committed 39040K, reserved 1083392K
  class space    used 4183K, capacity 4456K, committed 4480K, reserved 1048576K
}
Event: 716.788 GC heap after
{Heap after GC invocations=7 (full 0):
 garbage-first heap   total 262144K, used 64462K [0x00000006c0a00000, 0x00000006c0b00800, 0x00000007c0000000)
  region size 1024K, 13 young (13312K), 13 survivors (13312K)
 Metaspace       used 37549K, capacity 38706K, committed 39040K, reserved 1083392K
  class space    used 4183K, capacity 4456K, committed 4480K, reserved 1048576K
}

