# JRE version: Java(TM) SE Runtime Environment (8.0_71-b15) (build 1.8.0_71-b15)
# Java VM: Java HotSpot(TM) 64-Bit Server VM (25.71-b15 mixed mode windows-amd64 compressed oops)
Heap:
 PSYoungGen      total 312320K, used 280680K [0x000000076ae00000, 0x00000007c0000000, 0x00000007c0000000)
  eden space 311808K, 89% used [0x000000076ae00000,0x000000077bff2010,0x000000077de80000)
  from space 512K, 31% used [0x00000007bff00000,0x00000007bff28000,0x00000007bff80000)
  to   space 512K, 0% used [0x00000007bff80000,0x00000007bff80000,0x00000007c0000000)
 ParOldGen       total 219648K, used 168575K [0x00000006c0a00000, 0x00000006ce080000, 0x000000076ae00000)
  object space 219648K, 76% used [0x00000006c0a00000,0x00000006cae9ffc0,0x00000006ce080000)
 Metaspace       used 27246K, capacity 27650K, committed 27904K, reserved 1073152K
  class space    used 3142K, capacity 3270K, committed 3328K, reserved 1048576K
GC Heap History (10 events):
Event: 2239.671 GC heap before
{Heap before GC invocations=13491 (full 2):
 PSYoungGen      total 215040K, used 214688K [0x000000076ae00000, 0x00000007c0000000, 0x00000007c0000000)
  eden space 214528K, 100% used [0x000000076ae00000,0x0000000777f80000,0x0000000777f80000)
  from space 512K, 31% used [0x00000007bff80000,0x00000007bffa8000,0x00000007c0000000)
  to   space 512K, 0% used [0x00000007bff00000,0x00000007bff00000,0x00000007bff80000)
 ParOldGen       total 219648K, used 168519K [0x00000006c0a00000, 0x00000006ce080000, 0x000000076ae00000)
  object space 219648K, 76% used [0x00000006c0a00000,0x00000006cae91fc0,0x00000006ce080000)
 Metaspace       used 27246K, capacity 27650K, committed 27904K, reserved 1073152K
  class space    used 3142K, capacity 3270K, committed 3328K, reserved 1048576K
Event: 2239.673 GC heap after
Heap after GC invocations=13491 (full 2):
 PSYoungGen      total 207872K, used 128K [0x000000076ae00000, 0x00000007c0000000, 0x00000007c0000000)
  eden space 207360K, 0% used [0x000000076ae00000,0x000000076ae00000,0x0000000777880000)
  from space 512K, 25% used [0x00000007bff00000,0x00000007bff20000,0x00000007bff80000)
  to   space 512K, 0% used [0x00000007bff80000,0x00000007bff80000,0x00000007c0000000)
 ParOldGen       total 219648K, used 168519K [0x00000006c0a00000, 0x00000006ce080000, 0x000000076ae00000)
  object space 219648K, 76% used [0x00000006c0a00000,0x00000006cae91fc0,0x00000006ce080000)
 Metaspace       used 27246K, capacity 27650K, committed 27904K, reserved 1073152K
  class space    used 3142K, capacity 3270K, committed 3328K, reserved 1048576K
}
Event: 2239.788 GC heap before
{Heap before GC invocations=13492 (full 2):
 PSYoungGen      total 207872K, used 207488K [0x000000076ae00000, 0x00000007c0000000, 0x00000007c0000000)
  eden space 207360K, 100% used [0x000000076ae00000,0x0000000777880000,0x0000000777880000)
  from space 512K, 25% used [0x00000007bff00000,0x00000007bff20000,0x00000007bff80000)
  to   space 512K, 0% used [0x00000007bff80000,0x00000007bff80000,0x00000007c0000000)
 ParOldGen       total 219648K, used 168519K [0x00000006c0a00000, 0x00000006ce080000, 0x000000076ae00000)
  object space 219648K, 76% used [0x00000006c0a00000,0x00000006cae91fc0,0x00000006ce080000)
 Metaspace       used 27246K, capacity 27650K, committed 27904K, reserved 1073152K
  class space    used 3142K, capacity 3270K, committed 3328K, reserved 1048576K
Event: 2239.790 GC heap after
Heap after GC invocations=13492 (full 2):
 PSYoungGen      total 201216K, used 128K [0x000000076ae00000, 0x00000007c0000000, 0x00000007c0000000)
  eden space 200704K, 0% used [0x000000076ae00000,0x000000076ae00000,0x0000000777200000)
  from space 512K, 25% used [0x00000007bff80000,0x00000007bffa0000,0x00000007c0000000)
  to   space 512K, 0% used [0x00000007bff00000,0x00000007bff00000,0x00000007bff80000)
 ParOldGen       total 219648K, used 168551K [0x00000006c0a00000, 0x00000006ce080000, 0x000000076ae00000)
  object space 219648K, 76% used [0x00000006c0a00000,0x00000006cae99fc0,0x00000006ce080000)
 Metaspace       used 27246K, capacity 27650K, committed 27904K, reserved 1073152K
  class space    used 3142K, capacity 3270K, committed 3328K, reserved 1048576K
}
Event: 2239.902 GC heap before
{Heap before GC invocations=13493 (full 2):
 PSYoungGen      total 201216K, used 200832K [0x000000076ae00000, 0x00000007c0000000, 0x00000007c0000000)
  eden space 200704K, 100% used [0x000000076ae00000,0x0000000777200000,0x0000000777200000)
  from space 512K, 25% used [0x00000007bff80000,0x00000007bffa0000,0x00000007c0000000)
  to   space 512K, 0% used [0x00000007bff00000,0x00000007bff00000,0x00000007bff80000)
 ParOldGen       total 219648K, used 168551K [0x00000006c0a00000, 0x00000006ce080000, 0x000000076ae00000)
  object space 219648K, 76% used [0x00000006c0a00000,0x00000006cae99fc0,0x00000006ce080000)
 Metaspace       used 27246K, capacity 27650K, committed 27904K, reserved 1073152K
  class space    used 3142K, capacity 3270K, committed 3328K, reserved 1048576K
Event: 2239.903 GC heap after
Heap after GC invocations=13493 (full 2):
 PSYoungGen      total 232960K, used 160K [0x000000076ae00000, 0x00000007c0000000, 0x00000007c0000000)
  eden space 232448K, 0% used [0x000000076ae00000,0x000000076ae00000,0x0000000779100000)
  from space 512K, 31% used [0x00000007bff00000,0x00000007bff28000,0x00000007bff80000)
  to   space 512K, 0% used [0x00000007bff80000,0x00000007bff80000,0x00000007c0000000)
 ParOldGen       total 219648K, used 168551K [0x00000006c0a00000, 0x00000006ce080000, 0x000000076ae00000)
  object space 219648K, 76% used [0x00000006c0a00000,0x00000006cae99fc0,0x00000006ce080000)
 Metaspace       used 27246K, capacity 27650K, committed 27904K, reserved 1073152K
  class space    used 3142K, capacity 3270K, committed 3328K, reserved 1048576K
}
Event: 2240.032 GC heap before
{Heap before GC invocations=13494 (full 2):
 PSYoungGen      total 232960K, used 232608K [0x000000076ae00000, 0x00000007c0000000, 0x00000007c0000000)
  eden space 232448K, 100% used [0x000000076ae00000,0x0000000779100000,0x0000000779100000)
  from space 512K, 31% used [0x00000007bff00000,0x00000007bff28000,0x00000007bff80000)
  to   space 512K, 0% used [0x00000007bff80000,0x00000007bff80000,0x00000007c0000000)
 ParOldGen       total 219648K, used 168551K [0x00000006c0a00000, 0x00000006ce080000, 0x000000076ae00000)
  object space 219648K, 76% used [0x00000006c0a00000,0x00000006cae99fc0,0x00000006ce080000)
 Metaspace       used 27246K, capacity 27650K, committed 27904K, reserved 1073152K
  class space    used 3142K, capacity 3270K, committed 3328K, reserved 1048576K
Event: 2240.034 GC heap after
Heap after GC invocations=13494 (full 2):
 PSYoungGen      total 269824K, used 96K [0x000000076ae00000, 0x00000007c0000000, 0x00000007c0000000)
  eden space 269312K, 0% used [0x000000076ae00000,0x000000076ae00000,0x000000077b500000)
  from space 512K, 18% used [0x00000007bff80000,0x00000007bff98000,0x00000007c0000000)
  to   space 512K, 0% used [0x00000007bff00000,0x00000007bff00000,0x00000007bff80000)
 ParOldGen       total 219648K, used 168575K [0x00000006c0a00000, 0x00000006ce080000, 0x000000076ae00000)
  object space 219648K, 76% used [0x00000006c0a00000,0x00000006cae9ffc0,0x00000006ce080000)
 Metaspace       used 27246K, capacity 27650K, committed 27904K, reserved 1073152K
  class space    used 3142K, capacity 3270K, committed 3328K, reserved 1048576K
}
Event: 2240.177 GC heap before
{Heap before GC invocations=13495 (full 2):
 PSYoungGen      total 269824K, used 269408K [0x000000076ae00000, 0x00000007c0000000, 0x00000007c0000000)
  eden space 269312K, 100% used [0x000000076ae00000,0x000000077b500000,0x000000077b500000)
  from space 512K, 18% used [0x00000007bff80000,0x00000007bff98000,0x00000007c0000000)
  to   space 512K, 0% used [0x00000007bff00000,0x00000007bff00000,0x00000007bff80000)
 ParOldGen       total 219648K, used 168575K [0x00000006c0a00000, 0x00000006ce080000, 0x000000076ae00000)
  object space 219648K, 76% used [0x00000006c0a00000,0x00000006cae9ffc0,0x00000006ce080000)
 Metaspace       used 27246K, capacity 27650K, committed 27904K, reserved 1073152K
  class space    used 3142K, capacity 3270K, committed 3328K, reserved 1048576K
Event: 2240.179 GC heap after
Heap after GC invocations=13495 (full 2):
 PSYoungGen      total 312320K, used 160K [0x000000076ae00000, 0x00000007c0000000, 0x00000007c0000000)
  eden space 311808K, 0% used [0x000000076ae00000,0x000000076ae00000,0x000000077de80000)
  from space 512K, 31% used [0x00000007bff00000,0x00000007bff28000,0x00000007bff80000)
  to   space 512K, 0% used [0x00000007bff80000,0x00000007bff80000,0x00000007c0000000)
 ParOldGen       total 219648K, used 168575K [0x00000006c0a00000, 0x00000006ce080000, 0x000000076ae00000)
  object space 219648K, 76% used [0x00000006c0a00000,0x00000006cae9ffc0,0x00000006ce080000)
 Metaspace       used 27246K, capacity 27650K, committed 27904K, reserved 1073152K
  class space    used 3142K, capacity 3270K, committed 3328K, reserved 1048576K
}

