# JRE version: Java(TM) SE Runtime Environment (8.0_71-b15) (build 1.8.0_71-b15)
# Java VM: Java HotSpot(TM) 64-Bit Server VM (25.71-b15 mixed mode windows-amd64 compressed oops)
Heap:
 PSYoungGen      total 177664K, used 177312K [0x000000076ae00000, 0x00000007a1e80000, 0x00000007c0000000)
  eden space 177152K, 100% used [0x000000076ae00000,0x0000000775b00000,0x0000000775b00000)
  from space 512K, 31% used [0x00000007a1d80000,0x00000007a1da8000,0x00000007a1e00000)
  to   space 512K, 0% used [0x00000007a1e00000,0x00000007a1e00000,0x00000007a1e80000)
 ParOldGen       total 152576K, used 121295K [0x00000006c0a00000, 0x00000006c9f00000, 0x000000076ae00000)
  object space 152576K, 79% used [0x00000006c0a00000,0x00000006c8073fc0,0x00000006c9f00000)
 Metaspace       used 25838K, capacity 26200K, committed 26624K, reserved 1073152K
  class space    used 3082K, capacity 3207K, committed 3328K, reserved 1048576K
GC Heap History (10 events):
Event: 571.065 GC heap before
{Heap before GC invocations=4248 (full 1):
 PSYoungGen      total 212480K, used 212064K [0x000000076ae00000, 0x00000007a1e80000, 0x00000007c0000000)
  eden space 211968K, 100% used [0x000000076ae00000,0x0000000777d00000,0x0000000777d00000)
  from space 512K, 18% used [0x00000007a1e00000,0x00000007a1e18000,0x00000007a1e80000)
  to   space 512K, 0% used [0x00000007a1d80000,0x00000007a1d80000,0x00000007a1e00000)
 ParOldGen       total 152576K, used 121231K [0x00000006c0a00000, 0x00000006c9f00000, 0x000000076ae00000)
  object space 152576K, 79% used [0x00000006c0a00000,0x00000006c8063fc0,0x00000006c9f00000)
 Metaspace       used 25824K, capacity 26200K, committed 26624K, reserved 1073152K
  class space    used 3081K, capacity 3207K, committed 3328K, reserved 1048576K
Event: 571.066 GC heap after
Heap after GC invocations=4248 (full 1):
 PSYoungGen      total 204800K, used 128K [0x000000076ae00000, 0x00000007a1e80000, 0x00000007c0000000)
  eden space 204288K, 0% used [0x000000076ae00000,0x000000076ae00000,0x0000000777580000)
  from space 512K, 25% used [0x00000007a1d80000,0x00000007a1da0000,0x00000007a1e00000)
  to   space 512K, 0% used [0x00000007a1e00000,0x00000007a1e00000,0x00000007a1e80000)
 ParOldGen       total 152576K, used 121247K [0x00000006c0a00000, 0x00000006c9f00000, 0x000000076ae00000)
  object space 152576K, 79% used [0x00000006c0a00000,0x00000006c8067fc0,0x00000006c9f00000)
 Metaspace       used 25824K, capacity 26200K, committed 26624K, reserved 1073152K
  class space    used 3081K, capacity 3207K, committed 3328K, reserved 1048576K
}
Event: 571.195 GC heap before
{Heap before GC invocations=4249 (full 1):
 PSYoungGen      total 204800K, used 204416K [0x000000076ae00000, 0x00000007a1e80000, 0x00000007c0000000)
  eden space 204288K, 100% used [0x000000076ae00000,0x0000000777580000,0x0000000777580000)
  from space 512K, 25% used [0x00000007a1d80000,0x00000007a1da0000,0x00000007a1e00000)
  to   space 512K, 0% used [0x00000007a1e00000,0x00000007a1e00000,0x00000007a1e80000)
 ParOldGen       total 152576K, used 121247K [0x00000006c0a00000, 0x00000006c9f00000, 0x000000076ae00000)
  object space 152576K, 79% used [0x00000006c0a00000,0x00000006c8067fc0,0x00000006c9f00000)
 Metaspace       used 25824K, capacity 26200K, committed 26624K, reserved 1073152K
  class space    used 3081K, capacity 3207K, committed 3328K, reserved 1048576K
Event: 571.196 GC heap after
Heap after GC invocations=4249 (full 1):
 PSYoungGen      total 197632K, used 64K [0x000000076ae00000, 0x00000007a1e80000, 0x00000007c0000000)
  eden space 197120K, 0% used [0x000000076ae00000,0x000000076ae00000,0x0000000776e80000)
  from space 512K, 12% used [0x00000007a1e00000,0x00000007a1e10000,0x00000007a1e80000)
  to   space 512K, 0% used [0x00000007a1d80000,0x00000007a1d80000,0x00000007a1e00000)
 ParOldGen       total 152576K, used 121263K [0x00000006c0a00000, 0x00000006c9f00000, 0x000000076ae00000)
  object space 152576K, 79% used [0x00000006c0a00000,0x00000006c806bfc0,0x00000006c9f00000)
 Metaspace       used 25824K, capacity 26200K, committed 26624K, reserved 1073152K
  class space    used 3081K, capacity 3207K, committed 3328K, reserved 1048576K
}
Event: 571.316 GC heap before
{Heap before GC invocations=4250 (full 1):
 PSYoungGen      total 197632K, used 197184K [0x000000076ae00000, 0x00000007a1e80000, 0x00000007c0000000)
  eden space 197120K, 100% used [0x000000076ae00000,0x0000000776e80000,0x0000000776e80000)
  from space 512K, 12% used [0x00000007a1e00000,0x00000007a1e10000,0x00000007a1e80000)
  to   space 512K, 0% used [0x00000007a1d80000,0x00000007a1d80000,0x00000007a1e00000)
 ParOldGen       total 152576K, used 121263K [0x00000006c0a00000, 0x00000006c9f00000, 0x000000076ae00000)
  object space 152576K, 79% used [0x00000006c0a00000,0x00000006c806bfc0,0x00000006c9f00000)
 Metaspace       used 25824K, capacity 26200K, committed 26624K, reserved 1073152K
  class space    used 3081K, capacity 3207K, committed 3328K, reserved 1048576K
Event: 571.317 GC heap after
Heap after GC invocations=4250 (full 1):
 PSYoungGen      total 190464K, used 128K [0x000000076ae00000, 0x00000007a1e80000, 0x00000007c0000000)
  eden space 189952K, 0% used [0x000000076ae00000,0x000000076ae00000,0x0000000776780000)
  from space 512K, 25% used [0x00000007a1d80000,0x00000007a1da0000,0x00000007a1e00000)
  to   space 512K, 0% used [0x00000007a1e00000,0x00000007a1e00000,0x00000007a1e80000)
 ParOldGen       total 152576K, used 121263K [0x00000006c0a00000, 0x00000006c9f00000, 0x000000076ae00000)
  object space 152576K, 79% used [0x00000006c0a00000,0x00000006c806bfc0,0x00000006c9f00000)
 Metaspace       used 25824K, capacity 26200K, committed 26624K, reserved 1073152K
  class space    used 3081K, capacity 3207K, committed 3328K, reserved 1048576K
}
Event: 571.449 GC heap before
{Heap before GC invocations=4251 (full 1):
 PSYoungGen      total 190464K, used 190080K [0x000000076ae00000, 0x00000007a1e80000, 0x00000007c0000000)
  eden space 189952K, 100% used [0x000000076ae00000,0x0000000776780000,0x0000000776780000)
  from space 512K, 25% used [0x00000007a1d80000,0x00000007a1da0000,0x00000007a1e00000)
  to   space 512K, 0% used [0x00000007a1e00000,0x00000007a1e00000,0x00000007a1e80000)
 ParOldGen       total 152576K, used 121263K [0x00000006c0a00000, 0x00000006c9f00000, 0x000000076ae00000)
  object space 152576K, 79% used [0x00000006c0a00000,0x00000006c806bfc0,0x00000006c9f00000)
 Metaspace       used 25824K, capacity 26200K, committed 26624K, reserved 1073152K
  class space    used 3081K, capacity 3207K, committed 3328K, reserved 1048576K
Event: 571.450 GC heap after
Heap after GC invocations=4251 (full 1):
 PSYoungGen      total 183808K, used 96K [0x000000076ae00000, 0x00000007a1e80000, 0x00000007c0000000)
  eden space 183296K, 0% used [0x000000076ae00000,0x000000076ae00000,0x0000000776100000)
  from space 512K, 18% used [0x00000007a1e00000,0x00000007a1e18000,0x00000007a1e80000)
  to   space 512K, 0% used [0x00000007a1d80000,0x00000007a1d80000,0x00000007a1e00000)
 ParOldGen       total 152576K, used 121279K [0x00000006c0a00000, 0x00000006c9f00000, 0x000000076ae00000)
  object space 152576K, 79% used [0x00000006c0a00000,0x00000006c806ffc0,0x00000006c9f00000)
 Metaspace       used 25824K, capacity 26200K, committed 26624K, reserved 1073152K
  class space    used 3081K, capacity 3207K, committed 3328K, reserved 1048576K
}
Event: 571.575 GC heap before
{Heap before GC invocations=4252 (full 1):
 PSYoungGen      total 183808K, used 183392K [0x000000076ae00000, 0x00000007a1e80000, 0x00000007c0000000)
  eden space 183296K, 100% used [0x000000076ae00000,0x0000000776100000,0x0000000776100000)
  from space 512K, 18% used [0x00000007a1e00000,0x00000007a1e18000,0x00000007a1e80000)
  to   space 512K, 0% used [0x00000007a1d80000,0x00000007a1d80000,0x00000007a1e00000)
 ParOldGen       total 152576K, used 121279K [0x00000006c0a00000, 0x00000006c9f00000, 0x000000076ae00000)
  object space 152576K, 79% used [0x00000006c0a00000,0x00000006c806ffc0,0x00000006c9f00000)
 Metaspace       used 25838K, capacity 26200K, committed 26624K, reserved 1073152K
  class space    used 3082K, capacity 3207K, committed 3328K, reserved 1048576K
Event: 571.576 GC heap after
Heap after GC invocations=4252 (full 1):
 PSYoungGen      total 177664K, used 160K [0x000000076ae00000, 0x00000007a1e80000, 0x00000007c0000000)
  eden space 177152K, 0% used [0x000000076ae00000,0x000000076ae00000,0x0000000775b00000)
  from space 512K, 31% used [0x00000007a1d80000,0x00000007a1da8000,0x00000007a1e00000)
  to   space 512K, 0% used [0x00000007a1e00000,0x00000007a1e00000,0x00000007a1e80000)
 ParOldGen       total 152576K, used 121295K [0x00000006c0a00000, 0x00000006c9f00000, 0x000000076ae00000)
  object space 152576K, 79% used [0x00000006c0a00000,0x00000006c8073fc0,0x00000006c9f00000)
 Metaspace       used 25838K, capacity 26200K, committed 26624K, reserved 1073152K
  class space    used 3082K, capacity 3207K, committed 3328K, reserved 1048576K
}

