# JRE version: Java(TM) SE Runtime Environment (9.0+11) (build 9.0.1+11)
# Java VM: Java HotSpot(TM) 64-Bit Server VM (9.0.1+11, mixed mode, tiered, compressed oops, g1 gc, windows-amd64)
Heap:
 garbage-first heap   total 263168K, used 164089K [0x00000006c0a00000, 0x00000006c0b00808, 0x00000007c0000000)
  region size 1024K, 89 young (91136K), 2 survivors (2048K)
 Metaspace       used 37873K, capacity 38994K, committed 39376K, reserved 1083392K
  class space    used 4210K, capacity 4492K, committed 4608K, reserved 1048576K
GC Heap History (10 events):
Event: 96.532 GC heap before
{Heap before GC invocations=9 (full 0):
 garbage-first heap   total 262144K, used 174584K [0x00000006c0a00000, 0x00000006c0b00800, 0x00000007c0000000)
  region size 1024K, 58 young (59392K), 1 survivors (1024K)
 Metaspace       used 37158K, capacity 38316K, committed 38736K, reserved 1083392K
  class space    used 4188K, capacity 4459K, committed 4480K, reserved 1048576K
}
Event: 96.534 GC heap after
{Heap after GC invocations=10 (full 0):
 garbage-first heap   total 262144K, used 114045K [0x00000006c0a00000, 0x00000006c0b00800, 0x00000007c0000000)
  region size 1024K, 1 young (1024K), 1 survivors (1024K)
 Metaspace       used 37158K, capacity 38316K, committed 38736K, reserved 1083392K
  class space    used 4188K, capacity 4459K, committed 4480K, reserved 1048576K
}
Event: 107.943 GC heap before
{Heap before GC invocations=11 (full 0):
 garbage-first heap   total 262144K, used 260477K [0x00000006c0a00000, 0x00000006c0b00800, 0x00000007c0000000)
  region size 1024K, 43 young (44032K), 1 survivors (1024K)
 Metaspace       used 37355K, capacity 38514K, committed 38736K, reserved 1083392K
  class space    used 4191K, capacity 4460K, committed 4480K, reserved 1048576K
}
Event: 107.945 GC heap after
{Heap after GC invocations=12 (full 0):
 garbage-first heap   total 263168K, used 150530K [0x00000006c0a00000, 0x00000006c0b00808, 0x00000007c0000000)
  region size 1024K, 1 young (1024K), 1 survivors (1024K)
 Metaspace       used 37355K, capacity 38514K, committed 38736K, reserved 1083392K
  class space    used 4191K, capacity 4460K, committed 4480K, reserved 1048576K
}
Event: 109.930 GC heap before
{Heap before GC invocations=12 (full 0):
 garbage-first heap   total 263168K, used 161794K [0x00000006c0a00000, 0x00000006c0b00808, 0x00000007c0000000)
  region size 1024K, 13 young (13312K), 1 survivors (1024K)
 Metaspace       used 37373K, capacity 38514K, committed 38736K, reserved 1083392K
  class space    used 4191K, capacity 4460K, committed 4480K, reserved 1048576K
}
Event: 109.931 GC heap after
{Heap after GC invocations=13 (full 0):
 garbage-first heap   total 263168K, used 85052K [0x00000006c0a00000, 0x00000006c0b00808, 0x00000007c0000000)
  region size 1024K, 1 young (1024K), 1 survivors (1024K)
 Metaspace       used 37373K, capacity 38514K, committed 38736K, reserved 1083392K
  class space    used 4191K, capacity 4460K, committed 4480K, reserved 1048576K
}
Event: 201.221 GC heap before
{Heap before GC invocations=13 (full 0):
 garbage-first heap   total 263168K, used 193596K [0x00000006c0a00000, 0x00000006c0b00808, 0x00000007c0000000)
  region size 1024K, 107 young (109568K), 1 survivors (1024K)
 Metaspace       used 37401K, capacity 38514K, committed 38736K, reserved 1083392K
  class space    used 4192K, capacity 4460K, committed 4480K, reserved 1048576K
}
Event: 201.222 GC heap after
{Heap after GC invocations=14 (full 0):
 garbage-first heap   total 263168K, used 76027K [0x00000006c0a00000, 0x00000006c0b00808, 0x00000007c0000000)
  region size 1024K, 2 young (2048K), 2 survivors (2048K)
 Metaspace       used 37401K, capacity 38514K, committed 38736K, reserved 1083392K
  class space    used 4192K, capacity 4460K, committed 4480K, reserved 1048576K
}
Event: 407.198 GC heap before
{Heap before GC invocations=14 (full 0):
 garbage-first heap   total 263168K, used 191739K [0x00000006c0a00000, 0x00000006c0b00808, 0x00000007c0000000)
  region size 1024K, 115 young (117760K), 2 survivors (2048K)
 Metaspace       used 37578K, capacity 38706K, committed 38992K, reserved 1083392K
  class space    used 4198K, capacity 4460K, committed 4480K, reserved 1048576K
}
Event: 407.199 GC heap after
{Heap after GC invocations=15 (full 0):
 garbage-first heap   total 263168K, used 76025K [0x00000006c0a00000, 0x00000006c0b00808, 0x00000007c0000000)
  region size 1024K, 2 young (2048K), 2 survivors (2048K)
 Metaspace       used 37578K, capacity 38706K, committed 38992K, reserved 1083392K
  class space    used 4198K, capacity 4460K, committed 4480K, reserved 1048576K
}

