# JRE version: Java(TM) SE Runtime Environment (9.0+11) (build 9.0.1+11)
# Java VM: Java HotSpot(TM) 64-Bit Server VM (9.0.1+11, mixed mode, tiered, compressed oops, g1 gc, windows-amd64)
Heap:
 garbage-first heap   total 262144K, used 151401K [0x00000006c0a00000, 0x00000006c0b00800, 0x00000007c0000000)
  region size 1024K, 14 young (14336K), 4 survivors (4096K)
 Metaspace       used 36797K, capacity 37944K, committed 38096K, reserved 1083392K
  class space    used 4048K, capacity 4287K, committed 4352K, reserved 1048576K
GC Heap History (10 events):
Event: 43.072 GC heap before
{Heap before GC invocations=13 (full 0):
 garbage-first heap   total 262144K, used 153290K [0x00000006c0a00000, 0x00000006c0b00800, 0x00000007c0000000)
  region size 1024K, 12 young (12288K), 1 survivors (1024K)
 Metaspace       used 35455K, capacity 36600K, committed 36688K, reserved 1081344K
  class space    used 3980K, capacity 4223K, committed 4224K, reserved 1048576K
}
Event: 43.074 GC heap after
{Heap after GC invocations=14 (full 0):
 garbage-first heap   total 262144K, used 136793K [0x00000006c0a00000, 0x00000006c0b00800, 0x00000007c0000000)
  region size 1024K, 1 young (1024K), 1 survivors (1024K)
 Metaspace       used 35455K, capacity 36600K, committed 36688K, reserved 1081344K
  class space    used 3980K, capacity 4223K, committed 4224K, reserved 1048576K
}
Event: 44.663 GC heap before
{Heap before GC invocations=14 (full 0):
 garbage-first heap   total 262144K, used 186969K [0x00000006c0a00000, 0x00000006c0b00800, 0x00000007c0000000)
  region size 1024K, 50 young (51200K), 1 survivors (1024K)
 Metaspace       used 35511K, capacity 36664K, committed 36944K, reserved 1081344K
  class space    used 3980K, capacity 4223K, committed 4224K, reserved 1048576K
}
Event: 44.665 GC heap after
{Heap after GC invocations=15 (full 0):
 garbage-first heap   total 262144K, used 136851K [0x00000006c0a00000, 0x00000006c0b00800, 0x00000007c0000000)
  region size 1024K, 1 young (1024K), 1 survivors (1024K)
 Metaspace       used 35511K, capacity 36664K, committed 36944K, reserved 1081344K
  class space    used 3980K, capacity 4223K, committed 4224K, reserved 1048576K
}
Event: 45.506 GC heap before
{Heap before GC invocations=16 (full 0):
 garbage-first heap   total 262144K, used 191123K [0x00000006c0a00000, 0x00000006c0b00800, 0x00000007c0000000)
  region size 1024K, 54 young (55296K), 1 survivors (1024K)
 Metaspace       used 35571K, capacity 36728K, committed 36944K, reserved 1081344K
  class space    used 3982K, capacity 4223K, committed 4224K, reserved 1048576K
}
Event: 45.508 GC heap after
{Heap after GC invocations=17 (full 0):
 garbage-first heap   total 262144K, used 137565K [0x00000006c0a00000, 0x00000006c0b00800, 0x00000007c0000000)
  region size 1024K, 2 young (2048K), 2 survivors (2048K)
 Metaspace       used 35571K, capacity 36728K, committed 36944K, reserved 1081344K
  class space    used 3982K, capacity 4223K, committed 4224K, reserved 1048576K
}
Event: 45.889 GC heap before
{Heap before GC invocations=17 (full 0):
 garbage-first heap   total 262144K, used 147805K [0x00000006c0a00000, 0x00000006c0b00800, 0x00000007c0000000)
  region size 1024K, 12 young (12288K), 2 survivors (2048K)
 Metaspace       used 35635K, capacity 36728K, committed 36944K, reserved 1081344K
  class space    used 3987K, capacity 4223K, committed 4224K, reserved 1048576K
}
Event: 45.890 GC heap after
{Heap after GC invocations=18 (full 0):
 garbage-first heap   total 262144K, used 136506K [0x00000006c0a00000, 0x00000006c0b00800, 0x00000007c0000000)
  region size 1024K, 2 young (2048K), 2 survivors (2048K)
 Metaspace       used 35635K, capacity 36728K, committed 36944K, reserved 1081344K
  class space    used 3987K, capacity 4223K, committed 4224K, reserved 1048576K
}
Event: 575.998 GC heap before
{Heap before GC invocations=18 (full 0):
 garbage-first heap   total 262144K, used 195898K [0x00000006c0a00000, 0x00000006c0b00800, 0x00000007c0000000)
  region size 1024K, 57 young (58368K), 2 survivors (2048K)
 Metaspace       used 36746K, capacity 37880K, committed 38096K, reserved 1083392K
  class space    used 4042K, capacity 4287K, committed 4352K, reserved 1048576K
}
Event: 576.001 GC heap after
{Heap after GC invocations=19 (full 0):
 garbage-first heap   total 262144K, used 142185K [0x00000006c0a00000, 0x00000006c0b00800, 0x00000007c0000000)
  region size 1024K, 4 young (4096K), 4 survivors (4096K)
 Metaspace       used 36746K, capacity 37880K, committed 38096K, reserved 1083392K
  class space    used 4042K, capacity 4287K, committed 4352K, reserved 1048576K
}

