# JRE version: Java(TM) SE Runtime Environment (9.0+11) (build 9.0.1+11)
# Java VM: Java HotSpot(TM) 64-Bit Server VM (9.0.1+11, mixed mode, tiered, compressed oops, g1 gc, windows-amd64)
Heap:
 garbage-first heap   total 262144K, used 93226K [0x00000006c0a00000, 0x00000006c0b00800, 0x00000007c0000000)
  region size 1024K, 42 young (43008K), 4 survivors (4096K)
 Metaspace       used 39726K, capacity 40856K, committed 41216K, reserved 1085440K
  class space    used 4288K, capacity 4557K, committed 4608K, reserved 1048576K
GC Heap History (10 events):
Event: 3120.660 GC heap before
{Heap before GC invocations=41 (full 0):
 garbage-first heap   total 262144K, used 206645K [0x00000006c0a00000, 0x00000006c0b00800, 0x00000007c0000000)
  region size 1024K, 153 young (156672K), 5 survivors (5120K)
 Metaspace       used 39184K, capacity 40280K, committed 40704K, reserved 1085440K
  class space    used 4241K, capacity 4493K, committed 4608K, reserved 1048576K
}
Event: 3120.662 GC heap after
{Heap after GC invocations=42 (full 0):
 garbage-first heap   total 262144K, used 55171K [0x00000006c0a00000, 0x00000006c0b00800, 0x00000007c0000000)
  region size 1024K, 5 young (5120K), 5 survivors (5120K)
 Metaspace       used 39184K, capacity 40280K, committed 40704K, reserved 1085440K
  class space    used 4241K, capacity 4493K, committed 4608K, reserved 1048576K
}
Event: 3362.648 GC heap before
{Heap before GC invocations=42 (full 0):
 garbage-first heap   total 262144K, used 206723K [0x00000006c0a00000, 0x00000006c0b00800, 0x00000007c0000000)
  region size 1024K, 153 young (156672K), 5 survivors (5120K)
 Metaspace       used 39359K, capacity 40504K, committed 40960K, reserved 1085440K
  class space    used 4256K, capacity 4525K, committed 4608K, reserved 1048576K
}
Event: 3362.650 GC heap after
{Heap after GC invocations=43 (full 0):
 garbage-first heap   total 262144K, used 55257K [0x00000006c0a00000, 0x00000006c0b00800, 0x00000007c0000000)
  region size 1024K, 5 young (5120K), 5 survivors (5120K)
 Metaspace       used 39359K, capacity 40504K, committed 40960K, reserved 1085440K
  class space    used 4256K, capacity 4525K, committed 4608K, reserved 1048576K
}
Event: 3602.596 GC heap before
{Heap before GC invocations=43 (full 0):
 garbage-first heap   total 262144K, used 206809K [0x00000006c0a00000, 0x00000006c0b00800, 0x00000007c0000000)
  region size 1024K, 153 young (156672K), 5 survivors (5120K)
 Metaspace       used 39368K, capacity 40504K, committed 40960K, reserved 1085440K
  class space    used 4256K, capacity 4525K, committed 4608K, reserved 1048576K
}
Event: 3602.598 GC heap after
{Heap after GC invocations=44 (full 0):
 garbage-first heap   total 262144K, used 55144K [0x00000006c0a00000, 0x00000006c0b00800, 0x00000007c0000000)
  region size 1024K, 5 young (5120K), 5 survivors (5120K)
 Metaspace       used 39368K, capacity 40504K, committed 40960K, reserved 1085440K
  class space    used 4256K, capacity 4525K, committed 4608K, reserved 1048576K
}
Event: 3840.368 GC heap before
{Heap before GC invocations=44 (full 0):
 garbage-first heap   total 262144K, used 206696K [0x00000006c0a00000, 0x00000006c0b00800, 0x00000007c0000000)
  region size 1024K, 153 young (156672K), 5 survivors (5120K)
 Metaspace       used 39372K, capacity 40504K, committed 40960K, reserved 1085440K
  class space    used 4256K, capacity 4525K, committed 4608K, reserved 1048576K
}
Event: 3840.370 GC heap after
{Heap after GC invocations=45 (full 0):
 garbage-first heap   total 262144K, used 55395K [0x00000006c0a00000, 0x00000006c0b00800, 0x00000007c0000000)
  region size 1024K, 5 young (5120K), 5 survivors (5120K)
 Metaspace       used 39372K, capacity 40504K, committed 40960K, reserved 1085440K
  class space    used 4256K, capacity 4525K, committed 4608K, reserved 1048576K
}
Event: 4072.762 GC heap before
{Heap before GC invocations=45 (full 0):
 garbage-first heap   total 262144K, used 206947K [0x00000006c0a00000, 0x00000006c0b00800, 0x00000007c0000000)
  region size 1024K, 153 young (156672K), 5 survivors (5120K)
 Metaspace       used 39633K, capacity 40728K, committed 40960K, reserved 1085440K
  class space    used 4282K, capacity 4557K, committed 4608K, reserved 1048576K
}
Event: 4072.764 GC heap after
{Heap after GC invocations=46 (full 0):
 garbage-first heap   total 262144K, used 55338K [0x00000006c0a00000, 0x00000006c0b00800, 0x00000007c0000000)
  region size 1024K, 4 young (4096K), 4 survivors (4096K)
 Metaspace       used 39633K, capacity 40728K, committed 40960K, reserved 1085440K
  class space    used 4282K, capacity 4557K, committed 4608K, reserved 1048576K
}

