# JRE version: Java(TM) SE Runtime Environment (8.0_71-b15) (build 1.8.0_71-b15)
# Java VM: Java HotSpot(TM) 64-Bit Server VM (25.71-b15 mixed mode windows-amd64 compressed oops)
Heap:
 PSYoungGen      total 141824K, used 105818K [0x000000076ae00000, 0x0000000781200000, 0x00000007c0000000)
  eden space 131072K, 72% used [0x000000076ae00000,0x0000000770ada040,0x0000000772e00000)
  from space 10752K, 99% used [0x0000000772e00000,0x000000077387cb80,0x0000000773880000)
  to   space 51200K, 0% used [0x000000077e000000,0x000000077e000000,0x0000000781200000)
 ParOldGen       total 175104K, used 86109K [0x00000006c0a00000, 0x00000006cb500000, 0x000000076ae00000)
  object space 175104K, 49% used [0x00000006c0a00000,0x00000006c5e174f8,0x00000006cb500000)
 Metaspace       used 16992K, capacity 17188K, committed 17408K, reserved 1064960K
  class space    used 2154K, capacity 2226K, committed 2304K, reserved 1048576K
GC Heap History (10 events):
Event: 1.787 GC heap before
{Heap before GC invocations=1 (full 0):
 PSYoungGen      total 76288K, used 65236K [0x000000076ae00000, 0x0000000770300000, 0x00000007c0000000)
  eden space 65536K, 99% used [0x000000076ae00000,0x000000076edb5150,0x000000076ee00000)
  from space 10752K, 0% used [0x000000076f880000,0x000000076f880000,0x0000000770300000)
  to   space 10752K, 0% used [0x000000076ee00000,0x000000076ee00000,0x000000076f880000)
 ParOldGen       total 175104K, used 0K [0x00000006c0a00000, 0x00000006cb500000, 0x000000076ae00000)
  object space 175104K, 0% used [0x00000006c0a00000,0x00000006c0a00000,0x00000006cb500000)
 Metaspace       used 10997K, capacity 11204K, committed 11392K, reserved 1058816K
  class space    used 1290K, capacity 1388K, committed 1408K, reserved 1048576K
Event: 1.801 GC heap after
Heap after GC invocations=1 (full 0):
 PSYoungGen      total 76288K, used 10738K [0x000000076ae00000, 0x0000000770300000, 0x00000007c0000000)
  eden space 65536K, 0% used [0x000000076ae00000,0x000000076ae00000,0x000000076ee00000)
  from space 10752K, 99% used [0x000000076ee00000,0x000000076f87cb80,0x000000076f880000)
  to   space 10752K, 0% used [0x000000076f880000,0x000000076f880000,0x0000000770300000)
 ParOldGen       total 175104K, used 31317K [0x00000006c0a00000, 0x00000006cb500000, 0x000000076ae00000)
  object space 175104K, 17% used [0x00000006c0a00000,0x00000006c28955b8,0x00000006cb500000)
 Metaspace       used 10997K, capacity 11204K, committed 11392K, reserved 1058816K
  class space    used 1290K, capacity 1388K, committed 1408K, reserved 1048576K
}
Event: 1.962 GC heap before
{Heap before GC invocations=2 (full 0):
 PSYoungGen      total 76288K, used 76274K [0x000000076ae00000, 0x0000000770300000, 0x00000007c0000000)
  eden space 65536K, 100% used [0x000000076ae00000,0x000000076ee00000,0x000000076ee00000)
  from space 10752K, 99% used [0x000000076ee00000,0x000000076f87cb80,0x000000076f880000)
  to   space 10752K, 0% used [0x000000076f880000,0x000000076f880000,0x0000000770300000)
 ParOldGen       total 175104K, used 31317K [0x00000006c0a00000, 0x00000006cb500000, 0x000000076ae00000)
  object space 175104K, 17% used [0x00000006c0a00000,0x00000006c28955b8,0x00000006cb500000)
 Metaspace       used 11020K, capacity 11204K, committed 11392K, reserved 1058816K
  class space    used 1290K, capacity 1388K, committed 1408K, reserved 1048576K
Event: 1.971 GC heap after
Heap after GC invocations=2 (full 0):
 PSYoungGen      total 76288K, used 10738K [0x000000076ae00000, 0x0000000774300000, 0x00000007c0000000)
  eden space 65536K, 0% used [0x000000076ae00000,0x000000076ae00000,0x000000076ee00000)
  from space 10752K, 99% used [0x000000076f880000,0x00000007702fcb80,0x0000000770300000)
  to   space 10752K, 0% used [0x000000076ee00000,0x000000076ee00000,0x000000076f880000)
 ParOldGen       total 175104K, used 56260K [0x00000006c0a00000, 0x00000006cb500000, 0x000000076ae00000)
  object space 175104K, 32% used [0x00000006c0a00000,0x00000006c40f1278,0x00000006cb500000)
 Metaspace       used 11020K, capacity 11204K, committed 11392K, reserved 1058816K
  class space    used 1290K, capacity 1388K, committed 1408K, reserved 1048576K
}
Event: 2.029 GC heap before
{Heap before GC invocations=3 (full 0):
 PSYoungGen      total 76288K, used 76274K [0x000000076ae00000, 0x0000000774300000, 0x00000007c0000000)
  eden space 65536K, 100% used [0x000000076ae00000,0x000000076ee00000,0x000000076ee00000)
  from space 10752K, 99% used [0x000000076f880000,0x00000007702fcb80,0x0000000770300000)
  to   space 10752K, 0% used [0x000000076ee00000,0x000000076ee00000,0x000000076f880000)
 ParOldGen       total 175104K, used 56260K [0x00000006c0a00000, 0x00000006cb500000, 0x000000076ae00000)
  object space 175104K, 32% used [0x00000006c0a00000,0x00000006c40f1278,0x00000006cb500000)
 Metaspace       used 11020K, capacity 11204K, committed 11392K, reserved 1058816K
  class space    used 1290K, capacity 1388K, committed 1408K, reserved 1048576K
Event: 2.033 GC heap after
Heap after GC invocations=3 (full 0):
 PSYoungGen      total 76288K, used 10738K [0x000000076ae00000, 0x0000000774300000, 0x00000007c0000000)
  eden space 65536K, 0% used [0x000000076ae00000,0x000000076ae00000,0x000000076ee00000)
  from space 10752K, 99% used [0x000000076ee00000,0x000000076f87cb80,0x000000076f880000)
  to   space 10752K, 0% used [0x0000000773880000,0x0000000773880000,0x0000000774300000)
 ParOldGen       total 175104K, used 66223K [0x00000006c0a00000, 0x00000006cb500000, 0x000000076ae00000)
  object space 175104K, 37% used [0x00000006c0a00000,0x00000006c4aabdf8,0x00000006cb500000)
 Metaspace       used 11020K, capacity 11204K, committed 11392K, reserved 1058816K
  class space    used 1290K, capacity 1388K, committed 1408K, reserved 1048576K
}
Event: 2.121 GC heap before
{Heap before GC invocations=4 (full 0):
 PSYoungGen      total 76288K, used 76274K [0x000000076ae00000, 0x0000000774300000, 0x00000007c0000000)
  eden space 65536K, 100% used [0x000000076ae00000,0x000000076ee00000,0x000000076ee00000)
  from space 10752K, 99% used [0x000000076ee00000,0x000000076f87cb80,0x000000076f880000)
  to   space 10752K, 0% used [0x0000000773880000,0x0000000773880000,0x0000000774300000)
 ParOldGen       total 175104K, used 66223K [0x00000006c0a00000, 0x00000006cb500000, 0x000000076ae00000)
  object space 175104K, 37% used [0x00000006c0a00000,0x00000006c4aabdf8,0x00000006cb500000)
 Metaspace       used 11020K, capacity 11204K, committed 11392K, reserved 1058816K
  class space    used 1290K, capacity 1388K, committed 1408K, reserved 1048576K
Event: 2.126 GC heap after
Heap after GC invocations=4 (full 0):
 PSYoungGen      total 141824K, used 10706K [0x000000076ae00000, 0x0000000774300000, 0x00000007c0000000)
  eden space 131072K, 0% used [0x000000076ae00000,0x000000076ae00000,0x0000000772e00000)
  from space 10752K, 99% used [0x0000000773880000,0x00000007742f4b80,0x0000000774300000)
  to   space 10752K, 0% used [0x0000000772e00000,0x0000000772e00000,0x0000000773880000)
 ParOldGen       total 175104K, used 76162K [0x00000006c0a00000, 0x00000006cb500000, 0x000000076ae00000)
  object space 175104K, 43% used [0x00000006c0a00000,0x00000006c5460978,0x00000006cb500000)
 Metaspace       used 11020K, capacity 11204K, committed 11392K, reserved 1058816K
  class space    used 1290K, capacity 1388K, committed 1408K, reserved 1048576K
}
Event: 2.210 GC heap before
{Heap before GC invocations=5 (full 0):
 PSYoungGen      total 141824K, used 141778K [0x000000076ae00000, 0x0000000774300000, 0x00000007c0000000)
  eden space 131072K, 100% used [0x000000076ae00000,0x0000000772e00000,0x0000000772e00000)
  from space 10752K, 99% used [0x0000000773880000,0x00000007742f4b80,0x0000000774300000)
  to   space 10752K, 0% used [0x0000000772e00000,0x0000000772e00000,0x0000000773880000)
 ParOldGen       total 175104K, used 76162K [0x00000006c0a00000, 0x00000006cb500000, 0x000000076ae00000)
  object space 175104K, 43% used [0x00000006c0a00000,0x00000006c5460978,0x00000006cb500000)
 Metaspace       used 11020K, capacity 11204K, committed 11392K, reserved 1058816K
  class space    used 1290K, capacity 1388K, committed 1408K, reserved 1048576K
Event: 2.215 GC heap after
Heap after GC invocations=5 (full 0):
 PSYoungGen      total 141824K, used 10738K [0x000000076ae00000, 0x0000000781200000, 0x00000007c0000000)
  eden space 131072K, 0% used [0x000000076ae00000,0x000000076ae00000,0x0000000772e00000)
  from space 10752K, 99% used [0x0000000772e00000,0x000000077387cb80,0x0000000773880000)
  to   space 51200K, 0% used [0x000000077e000000,0x000000077e000000,0x0000000781200000)
 ParOldGen       total 175104K, used 86109K [0x00000006c0a00000, 0x00000006cb500000, 0x000000076ae00000)
  object space 175104K, 49% used [0x00000006c0a00000,0x00000006c5e174f8,0x00000006cb500000)
 Metaspace       used 11020K, capacity 11204K, committed 11392K, reserved 1058816K
  class space    used 1290K, capacity 1388K, committed 1408K, reserved 1048576K
}

